<?xml version="1.0" encoding="UTF-8"?>
<!-- Generated by org.testng.reporters.JUnitReportReporter -->
<testsuite hostname="Mukeshs-MacBook-Air.local" failures="0" tests="1" name="testcases.LoginTest" time="2.606" errors="0" timestamp="2024-11-13T08:42:54 IST" skipped="0">
  <testcase classname="testcases.LoginTest" name="validLoginTest" time="2.606"/>
</testsuite> <!-- testcases.LoginTest -->
